{
  "RSpec": {
    "coverage": {
      "/Users/jon.corry/RubymineProjects/search-prototype/app/channels/application_cable/channel.rb": {
        "lines": [
          1,
          1,
          null,
          null
        ]
      },
      "/Users/jon.corry/RubymineProjects/search-prototype/app/channels/application_cable/connection.rb": {
        "lines": [
          1,
          1,
          null,
          null
        ]
      },
      "/Users/jon.corry/RubymineProjects/search-prototype/app/controllers/application_controller.rb": {
        "lines": [
          1,
          null
        ]
      },
      "/Users/jon.corry/RubymineProjects/search-prototype/app/helpers/application_helper.rb": {
        "lines": [
          1,
          null,
          1,
          null,
          1,
          null,
          null,
          null,
          72,
          null,
          2,
          null,
          null,
          1,
          12,
          null,
          1,
          null,
          3,
          null,
          1,
          null,
          1,
          null,
          1,
          null,
          1,
          null,
          1,
          null,
          1,
          null,
          1,
          null,
          1,
          null,
          null,
          null,
          1,
          null,
          null,
          null,
          3,
          null,
          null,
          null,
          null,
          null,
          null,
          null,
          null,
          null,
          null,
          null,
          null,
          null,
          3,
          null,
          null,
          1,
          6,
          null,
          4,
          null,
          null
        ]
      },
      "/Users/jon.corry/RubymineProjects/search-prototype/app/helpers/date_helper.rb": {
        "lines": [
          1,
          null,
          1,
          263,
          null,
          258,
          null,
          258,
          null,
          null
        ]
      },
      "/Users/jon.corry/RubymineProjects/search-prototype/app/helpers/link_helper.rb": {
        "lines": [
          1,
          1,
          null,
          null,
          null,
          0,
          null,
          0,
          null,
          null,
          1,
          null,
          null,
          null,
          1805,
          null,
          1804,
          1804,
          null,
          1804,
          null,
          null,
          1,
          null,
          null,
          null,
          null,
          null,
          419,
          null,
          415,
          null,
          415,
          207,
          null,
          208,
          null,
          null,
          null,
          1,
          210,
          null,
          206,
          206,
          206,
          null,
          206,
          0,
          null,
          206,
          null,
          null,
          null,
          1,
          2425,
          null,
          null,
          1,
          null,
          1,
          null,
          null,
          null,
          2428,
          null,
          2428,
          null,
          2364,
          null,
          2364,
          1198,
          null,
          null,
          1198,
          1198,
          null,
          null,
          1198,
          null,
          null,
          null,
          64,
          null,
          null,
          2428,
          null,
          2428,
          null,
          null,
          38,
          1,
          null,
          null,
          1,
          null,
          null,
          null,
          1,
          null,
          null,
          37,
          null,
          37,
          null,
          null,
          38,
          null,
          null,
          1,
          2419,
          null,
          null,
          1,
          null,
          1,
          207,
          207,
          2277,
          null,
          null,
          207,
          null,
          null,
          1,
          null,
          null,
          null,
          207,
          null,
          null,
          null,
          null,
          null,
          null,
          null,
          null,
          null,
          null,
          null,
          null,
          null,
          null,
          1,
          null,
          null,
          null,
          2428,
          null,
          null,
          null,
          null,
          null,
          null,
          null,
          null,
          null,
          null,
          null,
          null,
          null,
          null,
          null,
          null,
          null,
          null,
          null,
          null,
          null,
          null,
          null,
          null,
          null,
          null
        ]
      },
      "/Users/jon.corry/RubymineProjects/search-prototype/app/helpers/meta_helper.rb": {
        "lines": [
          1,
          null
        ]
      },
      "/Users/jon.corry/RubymineProjects/search-prototype/app/helpers/search_helper.rb": {
        "lines": [
          1,
          null
        ]
      },
      "/Users/jon.corry/RubymineProjects/search-prototype/app/controllers/content_objects_controller.rb": {
        "lines": [
          1,
          null,
          1,
          null,
          0,
          null,
          null,
          1,
          208,
          null,
          208,
          null,
          2,
          null,
          1,
          null,
          1,
          null,
          0,
          null,
          0,
          null,
          206,
          null,
          0,
          null,
          206,
          206,
          206,
          206,
          null,
          206,
          0,
          null,
          206,
          null,
          null,
          null,
          null,
          null
        ]
      },
      "/Users/jon.corry/RubymineProjects/search-prototype/app/controllers/errors_controller.rb": {
        "lines": [
          null,
          1,
          null,
          1,
          0,
          0,
          null,
          null,
          1,
          0,
          0,
          null,
          null,
          1,
          0,
          0,
          null,
          null
        ]
      },
      "/Users/jon.corry/RubymineProjects/search-prototype/app/controllers/search_controller.rb": {
        "lines": [
          null,
          1,
          null,
          1,
          null,
          null,
          3,
          3,
          3,
          3,
          null,
          3,
          0,
          0,
          null,
          0,
          null,
          null,
          3,
          3,
          3,
          9,
          null,
          null,
          3,
          3,
          3,
          3,
          3,
          null,
          3,
          9,
          3,
          3,
          3,
          null,
          null,
          3,
          3,
          null,
          null,
          null,
          1,
          null,
          1,
          9,
          null,
          null,
          1,
          3,
          null,
          null,
          1,
          3,
          3,
          24,
          null,
          null,
          3,
          null,
          null
        ]
      },
      "/Users/jon.corry/RubymineProjects/search-prototype/app/jobs/application_job.rb": {
        "lines": [
          1,
          null,
          null,
          null,
          null,
          null,
          null
        ]
      },
      "/Users/jon.corry/RubymineProjects/search-prototype/app/mailers/application_mailer.rb": {
        "lines": [
          1,
          1,
          1,
          null
        ]
      },
      "/Users/jon.corry/RubymineProjects/search-prototype/app/models/act.rb": {
        "lines": [
          1,
          null,
          1,
          30,
          null,
          null,
          1,
          2,
          null,
          null,
          1,
          null,
          null,
          6,
          6,
          null,
          2,
          null,
          null,
          1,
          0,
          null,
          null,
          1,
          0,
          null,
          null
        ]
      },
      "/Users/jon.corry/RubymineProjects/search-prototype/app/models/content_object.rb": {
        "lines": [
          1,
          null,
          1,
          null,
          1,
          1026,
          null,
          null,
          1,
          null,
          null,
          66,
          66,
          null,
          66,
          null,
          null,
          1,
          173,
          null,
          null,
          1,
          0,
          null,
          null,
          1,
          null,
          421,
          null,
          10,
          null,
          null,
          1,
          10,
          null,
          4,
          4,
          null,
          null,
          1,
          null,
          839,
          null,
          null,
          1,
          200,
          null,
          null,
          1,
          250,
          null,
          null,
          1,
          9,
          null,
          null,
          1,
          33,
          null,
          null,
          1,
          4,
          null,
          2,
          null,
          null,
          1,
          626,
          null,
          null,
          1,
          200,
          null,
          null,
          1,
          54,
          null,
          null,
          1,
          0,
          null,
          null,
          1,
          7,
          null,
          null,
          1,
          null,
          4,
          null,
          null,
          1,
          null,
          4,
          null,
          null,
          1,
          null,
          3,
          null,
          null,
          1,
          55,
          null,
          null,
          1,
          370,
          null,
          null,
          1,
          1067,
          1067,
          null,
          1067,
          null,
          null,
          1,
          157,
          null,
          null,
          1,
          3,
          null,
          null,
          1,
          5,
          null,
          null,
          1,
          714,
          714,
          null,
          714,
          null,
          null,
          1,
          null,
          null,
          null,
          null,
          160,
          158,
          null,
          6,
          null,
          null,
          null,
          1,
          3,
          null,
          null,
          1,
          164,
          null,
          null,
          1,
          3,
          null,
          null,
          1,
          3,
          null,
          null,
          1,
          3,
          null,
          null,
          1,
          165,
          null,
          null,
          1,
          371,
          null,
          null,
          1,
          109,
          null,
          null,
          1,
          217,
          null,
          null,
          1,
          158,
          null,
          null,
          1,
          1827,
          null,
          null,
          1,
          869,
          null,
          null,
          1,
          306,
          null,
          null,
          1,
          200,
          null,
          null,
          1,
          606,
          null,
          600,
          null,
          null,
          1,
          863,
          null,
          null,
          1,
          3,
          null,
          null,
          1,
          3,
          null,
          null,
          1,
          860,
          null,
          null,
          1,
          null,
          208,
          null,
          null,
          1,
          166,
          null,
          null,
          1,
          387,
          387,
          null,
          null,
          1,
          6,
          null,
          null,
          1,
          3,
          null,
          null,
          1,
          308,
          null,
          null,
          1,
          51,
          null,
          null,
          1,
          51,
          null,
          null,
          1,
          3,
          null,
          null,
          1,
          157,
          null,
          null,
          1,
          103,
          null,
          null,
          1,
          4,
          null,
          null,
          1,
          3,
          null,
          null,
          1,
          3,
          null,
          null,
          1,
          3,
          null,
          null,
          1,
          3,
          null,
          null,
          1,
          3,
          null,
          null,
          1,
          3,
          null,
          null,
          1,
          3,
          null,
          null,
          1,
          null,
          null,
          206,
          206,
          206,
          null,
          206,
          null,
          157,
          null,
          154,
          null,
          137,
          null,
          null,
          1,
          null,
          382,
          null,
          null,
          1,
          1,
          null,
          null,
          1,
          1,
          null,
          null,
          1,
          null,
          1,
          1831,
          null,
          1812,
          null,
          null,
          1,
          1381,
          null,
          658,
          658,
          null,
          null,
          1,
          6608,
          null,
          4140,
          null,
          null,
          1,
          423,
          null,
          405,
          null,
          null,
          1,
          7,
          null,
          4,
          null,
          null,
          1,
          null,
          395,
          null,
          273,
          273,
          null,
          247,
          null,
          null,
          1,
          null,
          582,
          null,
          559,
          559,
          null,
          556,
          null,
          null,
          1,
          null,
          null,
          null,
          null,
          6252,
          null,
          16888,
          null,
          null,
          1,
          66,
          null,
          10,
          null,
          13,
          null,
          2,
          null,
          1,
          null,
          1,
          null,
          1,
          null,
          1,
          null,
          1,
          null,
          1,
          null,
          1,
          null,
          1,
          null,
          1,
          null,
          3,
          1,
          2,
          1,
          null,
          1,
          null,
          null,
          1,
          null,
          null,
          null,
          1,
          null,
          null,
          1,
          null,
          null,
          1,
          null,
          null,
          1,
          null,
          null,
          1,
          null,
          null,
          1,
          null,
          4,
          1,
          3,
          1,
          2,
          1,
          1,
          1,
          null,
          0,
          null,
          null,
          3,
          null,
          1,
          null,
          1,
          null,
          1,
          null,
          null,
          1,
          null,
          null,
          1,
          null,
          1,
          null,
          1,
          null,
          1,
          null,
          1,
          null,
          1,
          null,
          1,
          null,
          1,
          null,
          3,
          null,
          null,
          null,
          1,
          null,
          null,
          null,
          832,
          null,
          29,
          null,
          null,
          803,
          null,
          null,
          1,
          2487,
          null,
          1666,
          null,
          155,
          null,
          83,
          null,
          null,
          1,
          1129,
          null,
          null,
          null
        ]
      },
      "/Users/jon.corry/RubymineProjects/search-prototype/app/models/api_call.rb": {
        "lines": [
          1,
          1,
          1,
          null,
          1,
          null,
          1,
          null,
          1,
          230,
          null,
          null,
          1,
          3,
          null,
          null,
          1,
          3,
          3,
          null,
          3,
          null,
          null,
          1,
          null,
          1,
          0,
          null,
          0,
          null,
          null,
          1,
          1,
          null,
          null,
          1,
          2,
          null,
          null,
          1,
          0,
          0,
          0,
          null,
          0,
          null,
          null,
          1,
          0,
          0,
          null,
          null,
          1,
          0,
          null,
          null,
          1,
          0,
          null,
          null
        ]
      },
      "/Users/jon.corry/RubymineProjects/search-prototype/app/models/application_record.rb": {
        "lines": [
          1,
          1,
          null
        ]
      },
      "/Users/jon.corry/RubymineProjects/search-prototype/app/models/bill.rb": {
        "lines": [
          1,
          null,
          1,
          37,
          null,
          null,
          1,
          1,
          null,
          null,
          1,
          0,
          null,
          null,
          1,
          1,
          null,
          null,
          1,
          5,
          null,
          null,
          1,
          3,
          null,
          null,
          1,
          3,
          3,
          null,
          2,
          null,
          null,
          1,
          2,
          1,
          null,
          3,
          null,
          null,
          null,
          1,
          4,
          null,
          null,
          1,
          0,
          null,
          null,
          1,
          null,
          0,
          null,
          null
        ]
      },
      "/Users/jon.corry/RubymineProjects/search-prototype/app/models/church_of_england_measure.rb": {
        "lines": [
          1,
          null,
          1,
          17,
          null,
          null,
          1,
          5,
          null,
          null,
          1,
          1,
          null,
          null,
          1,
          0,
          null,
          null,
          1,
          0,
          null,
          null
        ]
      },
      "/Users/jon.corry/RubymineProjects/search-prototype/app/models/committee_proceeding.rb": {
        "lines": [
          1,
          null,
          1,
          1,
          null,
          null,
          1,
          0,
          null,
          null
        ]
      },
      "/Users/jon.corry/RubymineProjects/search-prototype/app/models/parliamentary_proceeding.rb": {
        "lines": [
          1,
          null,
          1,
          10,
          null,
          null,
          1,
          1,
          null,
          null,
          1,
          0,
          null,
          null,
          1,
          0,
          null,
          null,
          1,
          3,
          3,
          null,
          2,
          2,
          null,
          2,
          2,
          null,
          3,
          null,
          null,
          null,
          null,
          null,
          2,
          2,
          null,
          null,
          1,
          3,
          null,
          null
        ]
      },
      "/Users/jon.corry/RubymineProjects/search-prototype/app/models/proceeding.rb": {
        "lines": [
          1,
          null,
          1,
          22,
          null,
          null,
          1,
          1,
          null,
          null,
          1,
          0,
          null,
          null
        ]
      },
      "/Users/jon.corry/RubymineProjects/search-prototype/app/models/deposited_paper.rb": {
        "lines": [
          1,
          null,
          1,
          38,
          null,
          null,
          1,
          1,
          null,
          null,
          1,
          0,
          null,
          null,
          1,
          4,
          null,
          null,
          1,
          4,
          null,
          null,
          1,
          4,
          null,
          null,
          1,
          3,
          3,
          null,
          1,
          2,
          2,
          null,
          null,
          1,
          null,
          null,
          1,
          5,
          null,
          null,
          1,
          3,
          null,
          null,
          1,
          3,
          null,
          null
        ]
      },
      "/Users/jon.corry/RubymineProjects/search-prototype/app/models/paper.rb": {
        "lines": [
          1,
          null,
          1,
          169,
          null,
          null,
          1,
          3,
          null,
          null,
          1,
          5,
          null,
          null,
          1,
          7,
          null,
          null,
          1,
          5,
          null,
          null,
          1,
          5,
          null,
          null,
          1,
          5,
          null,
          null,
          1,
          3,
          null,
          null,
          1,
          4,
          null,
          null,
          1,
          4,
          null,
          null,
          1,
          3,
          null,
          null,
          1,
          3,
          null,
          null,
          1,
          0,
          null,
          null,
          1,
          6,
          null,
          null
        ]
      },
      "/Users/jon.corry/RubymineProjects/search-prototype/app/models/edm.rb": {
        "lines": [
          1,
          null,
          1,
          112,
          null,
          null,
          1,
          54,
          null,
          null,
          1,
          0,
          null,
          null,
          1,
          9,
          null,
          null,
          1,
          null,
          null,
          null,
          61,
          18,
          18,
          18,
          18,
          18,
          null,
          null,
          18,
          null,
          null,
          null,
          null,
          null,
          null,
          null,
          18,
          null,
          null,
          null,
          null,
          null,
          null,
          null,
          23,
          null,
          null,
          null,
          null,
          null,
          null,
          null,
          null,
          null,
          18,
          null,
          null,
          1,
          55,
          null,
          1,
          null,
          null,
          1,
          null,
          103,
          null,
          null,
          1,
          218,
          null,
          null,
          1,
          261,
          null,
          null,
          1,
          66,
          null,
          null
        ]
      },
      "/Users/jon.corry/RubymineProjects/search-prototype/app/models/european_deposited_document.rb": {
        "lines": [
          1,
          null,
          1,
          35,
          null,
          null,
          1,
          1,
          null,
          null,
          1,
          0,
          null,
          null,
          1,
          1,
          null,
          null,
          1,
          5,
          null,
          null,
          1,
          3,
          null,
          null,
          1,
          3,
          null,
          null,
          1,
          3,
          null,
          null,
          1,
          3,
          null,
          null,
          1,
          null,
          5,
          null,
          null,
          1,
          5,
          null,
          null,
          1,
          5,
          null,
          null
        ]
      },
      "/Users/jon.corry/RubymineProjects/search-prototype/app/models/european_material.rb": {
        "lines": [
          1,
          null,
          1,
          23,
          null,
          null,
          1,
          1,
          null,
          null,
          1,
          0,
          null,
          null,
          1,
          3,
          null,
          null,
          1,
          null,
          null,
          1,
          null,
          null,
          1,
          3,
          null,
          null,
          1,
          3,
          null,
          null,
          1,
          3,
          null,
          null,
          1,
          null,
          null,
          0,
          0,
          0,
          0,
          null,
          0,
          null,
          null,
          1,
          3,
          null,
          null,
          1,
          5,
          null,
          null,
          1,
          0,
          null,
          null,
          1,
          0,
          null,
          null
        ]
      },
      "/Users/jon.corry/RubymineProjects/search-prototype/app/models/european_scrutiny.rb": {
        "lines": [
          1,
          null,
          1,
          32,
          null,
          null,
          1,
          3,
          null,
          1,
          1,
          null,
          null,
          1,
          0,
          null,
          null,
          1,
          null,
          1,
          4,
          null,
          null
        ]
      },
      "/Users/jon.corry/RubymineProjects/search-prototype/app/models/european_scrutiny_explanatory_memorandum.rb": {
        "lines": [
          1,
          null,
          1,
          1,
          null,
          null,
          1,
          0,
          null,
          null,
          1,
          0,
          null,
          null,
          1,
          0,
          null,
          null,
          1,
          0,
          null,
          null
        ]
      },
      "/Users/jon.corry/RubymineProjects/search-prototype/app/models/european_scrutiny_ministerial_correspondence.rb": {
        "lines": [
          1,
          null,
          1,
          1,
          null,
          null,
          1,
          0,
          null,
          null,
          1,
          0,
          null,
          null,
          1,
          0,
          null,
          null,
          1,
          0,
          null,
          null,
          1,
          0,
          null,
          null
        ]
      },
      "/Users/jon.corry/RubymineProjects/search-prototype/app/models/european_scrutiny_recommendation.rb": {
        "lines": [
          1,
          null,
          1,
          27,
          null,
          null,
          1,
          3,
          null,
          null,
          1,
          3,
          null,
          null,
          1,
          3,
          null,
          null,
          1,
          3,
          null,
          null,
          1,
          0,
          null,
          null,
          1,
          7,
          null,
          null,
          1,
          5,
          null,
          null,
          1,
          0,
          null,
          null,
          1,
          1,
          null,
          null
        ]
      },
      "/Users/jon.corry/RubymineProjects/search-prototype/app/models/formal_proceeding.rb": {
        "lines": [
          1,
          null,
          1,
          12,
          null,
          null,
          1,
          1,
          null,
          null,
          1,
          0,
          null,
          null,
          null
        ]
      },
      "/Users/jon.corry/RubymineProjects/search-prototype/app/models/grand_committee_proceeding.rb": {
        "lines": [
          1,
          null,
          1,
          1,
          null,
          null,
          1,
          0,
          null,
          null
        ]
      },
      "/Users/jon.corry/RubymineProjects/search-prototype/app/models/impact_assessment.rb": {
        "lines": [
          1,
          null,
          1,
          15,
          null,
          null,
          1,
          1,
          null,
          null,
          1,
          0,
          null,
          null
        ]
      },
      "/Users/jon.corry/RubymineProjects/search-prototype/app/models/ministerial_correction.rb": {
        "lines": [
          1,
          null,
          1,
          25,
          null,
          null,
          1,
          1,
          null,
          null,
          1,
          1,
          null,
          null,
          1,
          0,
          null,
          null,
          1,
          3,
          null,
          null,
          1,
          3,
          null,
          null,
          1,
          3,
          null,
          null,
          1,
          4,
          null,
          null,
          1,
          0,
          null,
          null,
          1,
          0,
          null,
          null,
          1,
          0,
          null,
          0,
          0,
          null,
          null
        ]
      },
      "/Users/jon.corry/RubymineProjects/search-prototype/app/models/objects_from_uri_list.rb": {
        "lines": [
          1,
          null,
          1,
          null,
          1,
          397,
          null,
          null,
          1,
          391,
          null,
          92,
          null,
          92,
          92,
          100,
          null,
          92,
          null,
          92,
          5,
          null,
          null,
          92,
          92,
          13,
          null,
          null,
          92,
          null,
          null,
          1,
          109,
          null,
          null,
          1,
          null,
          1,
          null,
          391,
          null,
          null,
          null
        ]
      },
      "/Users/jon.corry/RubymineProjects/search-prototype/app/models/observations_on_petitions.rb": {
        "lines": [
          1,
          null,
          1,
          12,
          null,
          null,
          1,
          1,
          null,
          null,
          1,
          0,
          null,
          null,
          1,
          0,
          0,
          null,
          null,
          null
        ]
      },
      "/Users/jon.corry/RubymineProjects/search-prototype/app/models/petition.rb": {
        "lines": [
          1,
          null,
          1,
          29,
          null,
          null,
          1,
          1,
          null,
          null,
          1,
          0,
          null,
          null,
          1,
          0,
          null,
          null,
          1,
          3,
          null,
          null,
          null
        ]
      },
      "/Users/jon.corry/RubymineProjects/search-prototype/app/models/oral_answer_to_question.rb": {
        "lines": [
          1,
          null,
          1,
          12,
          null,
          null,
          1,
          1,
          null,
          null,
          1,
          5,
          null,
          null,
          1,
          9,
          null,
          null,
          1,
          4,
          null,
          3,
          3,
          null,
          null
        ]
      },
      "/Users/jon.corry/RubymineProjects/search-prototype/app/models/question.rb": {
        "lines": [
          1,
          null,
          1,
          156,
          null,
          null,
          1,
          312,
          null,
          null,
          1,
          8,
          null,
          null,
          1,
          55,
          null,
          null,
          1,
          8,
          null,
          null,
          1,
          null,
          null,
          null,
          null,
          null,
          null,
          null,
          212,
          null,
          null,
          211,
          211,
          null,
          1,
          null,
          null,
          1,
          null,
          null,
          null,
          null,
          3,
          null,
          2,
          null,
          1,
          1,
          null,
          null,
          1,
          8,
          null,
          null,
          1,
          216,
          null,
          null,
          1,
          105,
          null,
          null,
          1,
          4,
          null,
          null,
          1,
          null,
          55,
          null,
          null,
          1,
          104,
          null,
          null,
          1,
          100,
          null,
          null,
          1,
          100,
          null,
          null,
          1,
          0,
          null,
          null,
          1,
          103,
          null,
          null,
          1,
          0,
          null,
          null,
          1,
          0,
          null,
          null,
          1,
          0,
          null,
          null,
          1,
          0,
          null,
          null,
          1,
          0,
          null,
          null
        ]
      },
      "/Users/jon.corry/RubymineProjects/search-prototype/app/models/oral_question.rb": {
        "lines": [
          1,
          null,
          1,
          22,
          null,
          null,
          1,
          1,
          null,
          null,
          1,
          1,
          null,
          null,
          1,
          0,
          null,
          0,
          null,
          null,
          1,
          null,
          0,
          null,
          0,
          null,
          0,
          0,
          null,
          null,
          1,
          0,
          null,
          null,
          1,
          4,
          null,
          3,
          null,
          2,
          null,
          null,
          null,
          null,
          null
        ]
      },
      "/Users/jon.corry/RubymineProjects/search-prototype/app/models/oral_question_time_intervention.rb": {
        "lines": [
          1,
          null,
          1,
          1,
          null,
          null,
          1,
          0,
          null,
          null,
          1,
          0,
          null,
          null,
          null
        ]
      },
      "/Users/jon.corry/RubymineProjects/search-prototype/app/models/paper_ordered_to_be_printed.rb": {
        "lines": [
          1,
          null,
          1,
          2,
          null,
          null,
          1,
          0,
          null,
          null,
          1,
          null,
          0,
          0,
          null,
          null,
          1,
          0,
          null,
          null,
          1,
          null,
          0,
          0,
          null,
          null,
          1,
          0,
          null,
          null
        ]
      },
      "/Users/jon.corry/RubymineProjects/search-prototype/app/models/paper_petition.rb": {
        "lines": [
          1,
          null,
          1,
          17,
          null,
          null,
          1,
          1,
          null,
          null,
          1,
          0,
          null,
          null,
          1,
          1,
          null,
          null,
          1,
          5,
          null,
          null
        ]
      },
      "/Users/jon.corry/RubymineProjects/search-prototype/app/models/paper_submitted.rb": {
        "lines": [
          1,
          null,
          1,
          1,
          null,
          null,
          1,
          0,
          null,
          null,
          1,
          null,
          0,
          0,
          null,
          null,
          1,
          0,
          null,
          null,
          1,
          null,
          0,
          0,
          null,
          null,
          1,
          0,
          null,
          null
        ]
      },
      "/Users/jon.corry/RubymineProjects/search-prototype/app/models/parliamentary_committee.rb": {
        "lines": [
          1,
          null,
          1,
          1,
          null,
          null,
          1,
          0,
          null,
          null
        ]
      },
      "/Users/jon.corry/RubymineProjects/search-prototype/app/models/parliamentary_paper_reported.rb": {
        "lines": [
          1,
          null,
          1,
          17,
          null,
          null,
          1,
          1,
          null,
          null,
          1,
          null,
          null,
          9,
          3,
          null,
          null,
          1,
          null,
          9,
          3,
          null,
          null,
          1,
          null,
          0,
          null,
          0,
          null,
          null
        ]
      },
      "/Users/jon.corry/RubymineProjects/search-prototype/app/models/parliamentary_paper_laid.rb": {
        "lines": [
          1,
          null,
          1,
          31,
          null,
          null,
          1,
          1,
          null,
          null,
          1,
          null,
          2,
          null,
          2,
          null,
          null,
          1,
          4,
          null,
          null,
          1,
          null,
          2,
          null,
          1,
          null,
          null,
          1,
          5,
          null,
          2,
          null,
          1,
          null,
          null,
          1,
          0,
          null,
          null,
          1,
          0,
          null,
          null,
          1,
          0,
          0,
          null,
          0,
          0,
          0,
          null,
          null,
          1,
          null,
          4,
          null,
          4,
          null,
          null
        ]
      },
      "/Users/jon.corry/RubymineProjects/search-prototype/app/models/private_act.rb": {
        "lines": [
          1,
          null,
          1,
          15,
          null,
          null,
          1,
          1,
          null,
          null,
          1,
          0,
          null,
          null
        ]
      },
      "/Users/jon.corry/RubymineProjects/search-prototype/app/models/proceeding_contribution.rb": {
        "lines": [
          1,
          null,
          1,
          16,
          null,
          null,
          1,
          1,
          null,
          null,
          1,
          0,
          null,
          null,
          1,
          2,
          null,
          null,
          1,
          0,
          null,
          null,
          1,
          0,
          null,
          0,
          0,
          0,
          null,
          null
        ]
      },
      "/Users/jon.corry/RubymineProjects/search-prototype/app/models/public_act.rb": {
        "lines": [
          1,
          null,
          1,
          15,
          null,
          null,
          1,
          1,
          null,
          null,
          1,
          0,
          null,
          null
        ]
      },
      "/Users/jon.corry/RubymineProjects/search-prototype/app/models/research_briefing.rb": {
        "lines": [
          1,
          null,
          1,
          111,
          null,
          null,
          1,
          52,
          null,
          null,
          1,
          0,
          null,
          null,
          1,
          104,
          null,
          null,
          1,
          52,
          null,
          null,
          1,
          107,
          null,
          null,
          1,
          107,
          null,
          null,
          1,
          104,
          null,
          null,
          1,
          51,
          null,
          null,
          1,
          0,
          null,
          null,
          1,
          155,
          null,
          null,
          1,
          153,
          null,
          null,
          1,
          150,
          null,
          null,
          1,
          105,
          null,
          null
        ]
      },
      "/Users/jon.corry/RubymineProjects/search-prototype/app/models/ses_lookup.rb": {
        "lines": [
          1,
          1,
          null,
          1,
          null,
          null,
          null,
          null,
          null,
          1,
          1412,
          null,
          null,
          1,
          null,
          7,
          null,
          18,
          null,
          null,
          1,
          null,
          5,
          null,
          4,
          null,
          4,
          6,
          null,
          null,
          4,
          null,
          null,
          1,
          null,
          null,
          1,
          1,
          null,
          null,
          2,
          null,
          null,
          0,
          0,
          null,
          null,
          2,
          null,
          null,
          1,
          null,
          null,
          1,
          null,
          2,
          null,
          2,
          2,
          null,
          null,
          null,
          null,
          null,
          null,
          2,
          null,
          2,
          2,
          3,
          null,
          null,
          2,
          null,
          null,
          1,
          2,
          null,
          null,
          1,
          null,
          1,
          2,
          null,
          null,
          1,
          0,
          null,
          0,
          null,
          null
        ]
      },
      "/Users/jon.corry/RubymineProjects/search-prototype/app/models/solr_multi_query.rb": {
        "lines": [
          1,
          null,
          null,
          1,
          1,
          null,
          1,
          null,
          1,
          94,
          null,
          null,
          1,
          1,
          null,
          null,
          1,
          1,
          1,
          null,
          null,
          1,
          null,
          1,
          null,
          0,
          null,
          null,
          null,
          null
        ]
      },
      "/Users/jon.corry/RubymineProjects/search-prototype/app/models/solr_query.rb": {
        "lines": [
          1,
          null,
          null,
          null,
          1,
          213,
          null,
          null,
          1,
          1,
          null,
          null,
          1,
          null,
          1,
          null,
          0,
          null,
          null,
          null,
          null,
          null
        ]
      },
      "/Users/jon.corry/RubymineProjects/search-prototype/app/models/solr_search.rb": {
        "lines": [
          1,
          null,
          1,
          null,
          1,
          16,
          16,
          16,
          16,
          null,
          null,
          1,
          null,
          null,
          4,
          null,
          null,
          4,
          null,
          null,
          1,
          null,
          21,
          null,
          null,
          1,
          null,
          10,
          null,
          null,
          1,
          null,
          null,
          null,
          null,
          null,
          null,
          3,
          null,
          null,
          1,
          0,
          null,
          0,
          null,
          null,
          1,
          null,
          7,
          null,
          null,
          1,
          3,
          null,
          null,
          1,
          null,
          1,
          null,
          0,
          null,
          null,
          null,
          null,
          null,
          null,
          null,
          null,
          null,
          null,
          null,
          null,
          null
        ]
      },
      "/Users/jon.corry/RubymineProjects/search-prototype/app/models/statutory_instrument.rb": {
        "lines": [
          1,
          null,
          1,
          16,
          null,
          null,
          1,
          1,
          null,
          null,
          1,
          0,
          null,
          null,
          1,
          null,
          null,
          3,
          3,
          null,
          null,
          1,
          0,
          null,
          null,
          1,
          2,
          null,
          null,
          1,
          0,
          null,
          null,
          1,
          null,
          0,
          null,
          null
        ]
      },
      "/Users/jon.corry/RubymineProjects/search-prototype/app/models/transport_and_works_act_order_application.rb": {
        "lines": [
          1,
          null,
          1,
          21,
          null,
          null,
          1,
          1,
          null,
          null,
          1,
          0,
          null,
          null,
          1,
          2,
          null,
          null,
          1,
          2,
          null,
          null,
          1,
          5,
          null,
          null,
          1,
          0,
          null,
          null
        ]
      },
      "/Users/jon.corry/RubymineProjects/search-prototype/app/models/written_question.rb": {
        "lines": [
          1,
          null,
          1,
          122,
          null,
          null,
          1,
          52,
          null,
          null,
          1,
          58,
          null,
          null,
          1,
          null,
          60,
          null,
          null,
          null,
          null,
          53,
          null,
          null,
          1,
          null,
          1,
          null,
          null,
          1,
          57,
          null,
          56,
          null,
          55,
          null,
          54,
          null,
          2,
          null,
          1,
          null,
          null,
          null,
          null,
          1,
          null,
          104,
          null,
          null,
          1,
          52,
          null,
          null,
          1,
          0,
          null,
          null,
          1,
          51,
          null,
          null,
          1,
          51,
          null,
          null,
          1,
          0,
          null,
          null,
          1,
          null,
          null,
          null,
          54,
          null,
          1,
          null,
          null
        ]
      },
      "/Users/jon.corry/RubymineProjects/search-prototype/app/models/written_statement.rb": {
        "lines": [
          1,
          null,
          1,
          81,
          null,
          null,
          1,
          52,
          null,
          null,
          1,
          0,
          null,
          null,
          1,
          104,
          null,
          null,
          1,
          null,
          null,
          null,
          51,
          null,
          null,
          1,
          105,
          null,
          null,
          1,
          55,
          null,
          null,
          1,
          50,
          null,
          null,
          1,
          4,
          null,
          null,
          1,
          51,
          51,
          null,
          0,
          null,
          null
        ]
      }
    },
    "timestamp": 1713970876
  }
}
